<?xml version="1.0" encoding="UTF-8"?>
<testsuite name="cleanTest.WhenDoTest" tests="3" skipped="0" failures="0" errors="0" timestamp="2021-07-31T04:07:13" hostname="DESKTOP-RV5E77R" time="60.959">
  <properties/>
  <testcase name="verifyUpdateTask" classname="cleanTest.WhenDoTest" time="22.85"/>
  <testcase name="verifyCreateTask" classname="cleanTest.WhenDoTest" time="18.543"/>
  <testcase name="verifyDeleteTask" classname="cleanTest.WhenDoTest" time="19.566"/>
  <system-out><![CDATA[]]></system-out>
  <system-err><![CDATA[jul 31, 2021 12:07:26 AM io.appium.java_client.remote.AppiumCommandExecutor$1 lambda$0
INFORMACIÓN: Detected dialect: W3C
jul 31, 2021 12:07:49 AM io.appium.java_client.remote.AppiumCommandExecutor$1 lambda$0
INFORMACIÓN: Detected dialect: W3C
jul 31, 2021 12:08:06 AM io.appium.java_client.remote.AppiumCommandExecutor$1 lambda$0
INFORMACIÓN: Detected dialect: W3C
]]></system-err>
</testsuite>
